Using pre-set license
Built from '2021.3/staging' branch; Version is '2021.3.11f1 (0a5ca18544bf) revision 679073'; Using compiler version '192829333'; Build Type 'Release'
OS: 'Windows 10  (10.0.19043) 64bit Professional' Language: 'en' Physical Memory: 32694 MB
BatchMode: 1, IsHumanControllingUs: 0, StartBugReporterOnCrash: 0, Is64bit: 1, IsPro: 1

COMMAND LINE ARGUMENTS:
C:\Program Files\Unity\Hub\Editor\2021.3.11f1\Editor\Unity.exe
-adb2
-batchMode
-noUpm
-name
AssetImportWorker0
-projectPath
C:/Users/Harvey/Documents/Fighting
-logFile
Logs/AssetImportWorker0.log
-srvPort
52098
Successfully changed project path to: C:/Users/Harvey/Documents/Fighting
C:/Users/Harvey/Documents/Fighting
[UnityMemory] Configuration Parameters - Can be set up in boot.config
    "memorysetup-bucket-allocator-granularity=16"
    "memorysetup-bucket-allocator-bucket-count=8"
    "memorysetup-bucket-allocator-block-size=33554432"
    "memorysetup-bucket-allocator-block-count=8"
    "memorysetup-main-allocator-block-size=16777216"
    "memorysetup-thread-allocator-block-size=16777216"
    "memorysetup-gfx-main-allocator-block-size=16777216"
    "memorysetup-gfx-thread-allocator-block-size=16777216"
    "memorysetup-cache-allocator-block-size=4194304"
    "memorysetup-typetree-allocator-block-size=2097152"
    "memorysetup-profiler-bucket-allocator-granularity=16"
    "memorysetup-profiler-bucket-allocator-bucket-count=8"
    "memorysetup-profiler-bucket-allocator-block-size=33554432"
    "memorysetup-profiler-bucket-allocator-block-count=8"
    "memorysetup-profiler-allocator-block-size=16777216"
    "memorysetup-profiler-editor-allocator-block-size=1048576"
    "memorysetup-temp-allocator-size-main=16777216"
    "memorysetup-job-temp-allocator-block-size=2097152"
    "memorysetup-job-temp-allocator-block-size-background=1048576"
    "memorysetup-job-temp-allocator-reduction-small-platforms=262144"
    "memorysetup-temp-allocator-size-background-worker=32768"
    "memorysetup-temp-allocator-size-job-worker=262144"
    "memorysetup-temp-allocator-size-preload-manager=33554432"
    "memorysetup-temp-allocator-size-nav-mesh-worker=65536"
    "memorysetup-temp-allocator-size-audio-worker=65536"
    "memorysetup-temp-allocator-size-cloud-worker=32768"
    "memorysetup-temp-allocator-size-gi-baking-worker=262144"
    "memorysetup-temp-allocator-size-gfx=262144"
Refreshing native plugins compatible for Editor in 120.77 ms, found 4 plugins.
Preloading 0 native plugins for Editor in 0.00 ms.
Initialize engine version: 2021.3.11f1 (0a5ca18544bf)
[Subsystems] Discovering subsystems at path C:/Program Files/Unity/Hub/Editor/2021.3.11f1/Editor/Data/Resources/UnitySubsystems
[Subsystems] Discovering subsystems at path C:/Users/Harvey/Documents/Fighting/Assets
GfxDevice: creating device client; threaded=0; jobified=0
Direct3D:
    Version:  Direct3D 11.0 [level 11.1]
    Renderer: NVIDIA GeForce RTX 2060 (ID=0x1e89)
    Vendor:   NVIDIA
    VRAM:     5968 MB
    Driver:   31.0.15.2225
Initialize mono
Mono path[0] = 'C:/Program Files/Unity/Hub/Editor/2021.3.11f1/Editor/Data/Managed'
Mono path[1] = 'C:/Program Files/Unity/Hub/Editor/2021.3.11f1/Editor/Data/MonoBleedingEdge/lib/mono/unityjit-win32'
Mono config path = 'C:/Program Files/Unity/Hub/Editor/2021.3.11f1/Editor/Data/MonoBleedingEdge/etc'
Using monoOptions --debugger-agent=transport=dt_socket,embedding=1,server=y,suspend=n,address=127.0.0.1:56156
Begin MonoManager ReloadAssembly
Registering precompiled unity dll's ...
Register platform support module: C:/Program Files/Unity/Hub/Editor/2021.3.11f1/Editor/Data/PlaybackEngines/WindowsStandaloneSupport/UnityEditor.WindowsStandalone.Extensions.dll
Registered in 0.013494 seconds.
Native extension for WindowsStandalone target not found
Refreshing native plugins compatible for Editor in 112.74 ms, found 4 plugins.
Preloading 0 native plugins for Editor in 0.00 ms.
Mono: successfully reloaded assembly
- Completed reload, in  0.841 seconds
Domain Reload Profiling:
	ReloadAssembly (842ms)
		BeginReloadAssembly (99ms)
			ExecutionOrderSort (0ms)
			DisableScriptedObjects (0ms)
			BackupInstance (0ms)
			ReleaseScriptingObjects (0ms)
			CreateAndSetChildDomain (1ms)
		EndReloadAssembly (588ms)
			LoadAssemblies (95ms)
			RebuildTransferFunctionScriptingTraits (0ms)
			SetupTypeCache (120ms)
			ReleaseScriptCaches (0ms)
			RebuildScriptCaches (31ms)
			SetupLoadedEditorAssemblies (371ms)
				LogAssemblyErrors (0ms)
				InitializePlatformSupportModulesInManaged (10ms)
				SetLoadedEditorAssemblies (0ms)
				RefreshPlugins (113ms)
				BeforeProcessingInitializeOnLoad (2ms)
				ProcessInitializeOnLoadAttributes (182ms)
				ProcessInitializeOnLoadMethodAttributes (63ms)
				AfterProcessingInitializeOnLoad (0ms)
				EditorAssembliesLoaded (0ms)
			ExecutionOrderSort2 (0ms)
			AwakeInstancesAfterBackupRestoration (0ms)
Platform modules already initialized, skipping
Registering precompiled user dll's ...
Registered in 0.014021 seconds.
Begin MonoManager ReloadAssembly
Symbol file LoadedFromMemory doesn't match image C:\Users\Harvey\Documents\Fighting\Library\PackageCache\com.unity.visualscripting@1.7.8\Editor\VisualScripting.Core\Dependencies\YamlDotNet\Unity.VisualScripting.YamlDotNet.dll
Symbol file LoadedFromMemory doesn't match image C:\Users\Harvey\Documents\Fighting\Library\PackageCache\com.unity.visualscripting@1.7.8\Editor\VisualScripting.Core\Dependencies\DotNetZip\Unity.VisualScripting.IonicZip.dll
Native extension for WindowsStandalone target not found
Refreshing native plugins compatible for Editor in 109.79 ms, found 4 plugins.
Preloading 0 native plugins for Editor in 0.00 ms.
Mono: successfully reloaded assembly
- Completed reload, in  1.553 seconds
Domain Reload Profiling:
	ReloadAssembly (1554ms)
		BeginReloadAssembly (156ms)
			ExecutionOrderSort (0ms)
			DisableScriptedObjects (8ms)
			BackupInstance (0ms)
			ReleaseScriptingObjects (0ms)
			CreateAndSetChildDomain (24ms)
		EndReloadAssembly (1222ms)
			LoadAssemblies (130ms)
			RebuildTransferFunctionScriptingTraits (0ms)
			SetupTypeCache (315ms)
			ReleaseScriptCaches (1ms)
			RebuildScriptCaches (63ms)
			SetupLoadedEditorAssemblies (663ms)
				LogAssemblyErrors (0ms)
				InitializePlatformSupportModulesInManaged (7ms)
				SetLoadedEditorAssemblies (0ms)
				RefreshPlugins (110ms)
				BeforeProcessingInitializeOnLoad (150ms)
				ProcessInitializeOnLoadAttributes (323ms)
				ProcessInitializeOnLoadMethodAttributes (59ms)
				AfterProcessingInitializeOnLoad (15ms)
				EditorAssembliesLoaded (0ms)
			ExecutionOrderSort2 (0ms)
			AwakeInstancesAfterBackupRestoration (10ms)
Platform modules already initialized, skipping
========================================================================
Worker process is ready to serve import requests
Launched and connected shader compiler UnityShaderCompiler.exe after 0.07 seconds
Refreshing native plugins compatible for Editor in 0.93 ms, found 4 plugins.
Preloading 0 native plugins for Editor in 0.00 ms.
Unloading 4119 Unused Serialized files (Serialized files now loaded: 0)
Unloading 44 unused Assets / (228.9 KB). Loaded Objects now: 4572.
Memory consumption went from 154.9 MB to 154.6 MB.
Total: 4.849000 ms (FindLiveObjects: 0.447000 ms CreateObjectMapping: 0.152200 ms MarkObjects: 4.041600 ms  DeleteObjects: 0.206500 ms)

AssetImportParameters requested are different than current active one (requested -> active):
  custom:video-decoder-ogg-theora: a1e56fd34408186e4bbccfd4996cb3dc -> 
  custom:container-muxer-webm: aa71ff27fc2769a1b78a27578f13a17b -> 
  custom:container-demuxer-webm: 4f35f7cbe854078d1ac9338744f61a02 -> 
  custom:video-encoder-webm-vp8: eb34c28f22e8b96e1ab97ce403110664 -> 
  custom:audio-encoder-webm-vorbis: bf7c407c2cedff20999df2af8eb42d56 -> 
  custom:framework-win-MediaFoundation: 216162199b28c13a410421893ffa2e32 -> 
  custom:container-demuxer-ogg: 62fdf1f143b41e24485cea50d1cbac27 -> 
  custom:video-decoder-webm-vp8: 9c59270c3fd7afecdb556c50c9e8de78 -> 
  custom:audio-decoder-ogg-vorbis: bf7c407c2cedff20999df2af8eb42d56 -> 
========================================================================
Received Import Request.
  Time since last request: 33545.482609 seconds.
  path: Assets/Steampunk&FantasyUIPack/UI_Pack__0042_fantasy_corner_outer.png
  artifactKey: Guid(98f29c6d9295eeb45a307f0ad150838a) Importer(815301076,1909f56bfc062723c751e8b465ee728b)
Start importing Assets/Steampunk&FantasyUIPack/UI_Pack__0042_fantasy_corner_outer.png using Guid(98f29c6d9295eeb45a307f0ad150838a) Importer(815301076,1909f56bfc062723c751e8b465ee728b)  -> (artifact id: '344e900657398716d42a86fbf5eed453') in 0.163671 seconds 
========================================================================
Received Import Request.
  Time since last request: 2.983855 seconds.
  path: Assets/Steampunk&FantasyUIPack/UI_Pack__0042_fantasy_corner_outer.png
  artifactKey: Guid(98f29c6d9295eeb45a307f0ad150838a) Importer(815301076,1909f56bfc062723c751e8b465ee728b)
Start importing Assets/Steampunk&FantasyUIPack/UI_Pack__0042_fantasy_corner_outer.png using Guid(98f29c6d9295eeb45a307f0ad150838a) Importer(815301076,1909f56bfc062723c751e8b465ee728b)  -> (artifact id: '33e6df2fab93980b76c0dcf49b737b9e') in 0.014883 seconds 
========================================================================
Received Import Request.
  Time since last request: 4.689328 seconds.
  path: Assets/Steampunk&FantasyUIPack/UI_Pack__0042_fantasy_corner_outer.png
  artifactKey: Guid(98f29c6d9295eeb45a307f0ad150838a) Importer(815301076,1909f56bfc062723c751e8b465ee728b)
Start importing Assets/Steampunk&FantasyUIPack/UI_Pack__0042_fantasy_corner_outer.png using Guid(98f29c6d9295eeb45a307f0ad150838a) Importer(815301076,1909f56bfc062723c751e8b465ee728b)  -> (artifact id: '9812ddffc9972cad326ce9f7f400024d') in 0.018718 seconds 
========================================================================
Received Import Request.
  Time since last request: 3.925854 seconds.
  path: Assets/Steampunk&FantasyUIPack/UI_Pack__0042_fantasy_corner_outer.png
  artifactKey: Guid(98f29c6d9295eeb45a307f0ad150838a) Importer(815301076,1909f56bfc062723c751e8b465ee728b)
Start importing Assets/Steampunk&FantasyUIPack/UI_Pack__0042_fantasy_corner_outer.png using Guid(98f29c6d9295eeb45a307f0ad150838a) Importer(815301076,1909f56bfc062723c751e8b465ee728b)  -> (artifact id: '551c5600c7c7c4daa009b79bf399d2fd') in 0.017299 seconds 
========================================================================
Received Import Request.
  Time since last request: 7.099618 seconds.
  path: Assets/Steampunk&FantasyUIPack/UI_Pack__0042_fantasy_corner_outer.png
  artifactKey: Guid(98f29c6d9295eeb45a307f0ad150838a) Importer(815301076,1909f56bfc062723c751e8b465ee728b)
Start importing Assets/Steampunk&FantasyUIPack/UI_Pack__0042_fantasy_corner_outer.png using Guid(98f29c6d9295eeb45a307f0ad150838a) Importer(815301076,1909f56bfc062723c751e8b465ee728b)  -> (artifact id: 'da06fd37b73f5146a661ad396709d6fa') in 0.013116 seconds 
========================================================================
Received Import Request.
  Time since last request: 5.689519 seconds.
  path: Assets/Steampunk&FantasyUIPack/UI_Pack__0042_fantasy_corner_outer.png
  artifactKey: Guid(98f29c6d9295eeb45a307f0ad150838a) Importer(815301076,1909f56bfc062723c751e8b465ee728b)
Start importing Assets/Steampunk&FantasyUIPack/UI_Pack__0042_fantasy_corner_outer.png using Guid(98f29c6d9295eeb45a307f0ad150838a) Importer(815301076,1909f56bfc062723c751e8b465ee728b)  -> (artifact id: '7a8e2300529fe9c3de353d844dbf34be') in 0.015058 seconds 
========================================================================
Received Import Request.
  Time since last request: 5.231778 seconds.
  path: Assets/Steampunk&FantasyUIPack/UI_Pack__0042_fantasy_corner_outer.png
  artifactKey: Guid(98f29c6d9295eeb45a307f0ad150838a) Importer(815301076,1909f56bfc062723c751e8b465ee728b)
Start importing Assets/Steampunk&FantasyUIPack/UI_Pack__0042_fantasy_corner_outer.png using Guid(98f29c6d9295eeb45a307f0ad150838a) Importer(815301076,1909f56bfc062723c751e8b465ee728b)  -> (artifact id: '3bb5c6285693f7919089144925236dc8') in 0.015539 seconds 
========================================================================
Received Import Request.
  Time since last request: 2.724396 seconds.
  path: Assets/Steampunk&FantasyUIPack/UI_Pack__0042_fantasy_corner_outer.png
  artifactKey: Guid(98f29c6d9295eeb45a307f0ad150838a) Importer(815301076,1909f56bfc062723c751e8b465ee728b)
Start importing Assets/Steampunk&FantasyUIPack/UI_Pack__0042_fantasy_corner_outer.png using Guid(98f29c6d9295eeb45a307f0ad150838a) Importer(815301076,1909f56bfc062723c751e8b465ee728b)  -> (artifact id: '28c08b8ae724c9fd623808069b1f032f') in 0.015477 seconds 
========================================================================
Received Import Request.
  Time since last request: 2.469271 seconds.
  path: Assets/Steampunk&FantasyUIPack/UI_Pack__0042_fantasy_corner_outer.png
  artifactKey: Guid(98f29c6d9295eeb45a307f0ad150838a) Importer(815301076,1909f56bfc062723c751e8b465ee728b)
Start importing Assets/Steampunk&FantasyUIPack/UI_Pack__0042_fantasy_corner_outer.png using Guid(98f29c6d9295eeb45a307f0ad150838a) Importer(815301076,1909f56bfc062723c751e8b465ee728b)  -> (artifact id: '84f806dc06b6108d8cfb51ae7b34b240') in 0.015250 seconds 
========================================================================
Received Import Request.
  Time since last request: 2.946515 seconds.
  path: Assets/Steampunk&FantasyUIPack/UI_Pack__0042_fantasy_corner_outer.png
  artifactKey: Guid(98f29c6d9295eeb45a307f0ad150838a) Importer(815301076,1909f56bfc062723c751e8b465ee728b)
Start importing Assets/Steampunk&FantasyUIPack/UI_Pack__0042_fantasy_corner_outer.png using Guid(98f29c6d9295eeb45a307f0ad150838a) Importer(815301076,1909f56bfc062723c751e8b465ee728b)  -> (artifact id: 'a4795f9be78478549c7ef2cc79289303') in 0.013674 seconds 
========================================================================
Received Import Request.
  Time since last request: 137.600859 seconds.
  path: Assets/Steampunk&FantasyUIPack/UI_Pack__0040_fantasy_side.png
  artifactKey: Guid(5a8d61ab560ce1f42ae557925e75cdbd) Importer(815301076,1909f56bfc062723c751e8b465ee728b)
Start importing Assets/Steampunk&FantasyUIPack/UI_Pack__0040_fantasy_side.png using Guid(5a8d61ab560ce1f42ae557925e75cdbd) Importer(815301076,1909f56bfc062723c751e8b465ee728b)  -> (artifact id: '9f06a0395ca85c3afbebd61c0b5e03bd') in 0.019044 seconds 
========================================================================
Received Import Request.
  Time since last request: 341.914198 seconds.
  path: Assets/Steampunk&FantasyUIPack/UI_Pack__0018_gear_small.png
  artifactKey: Guid(131f7bd873283df42ba9ec0cf4b8ef06) Importer(815301076,1909f56bfc062723c751e8b465ee728b)
Start importing Assets/Steampunk&FantasyUIPack/UI_Pack__0018_gear_small.png using Guid(131f7bd873283df42ba9ec0cf4b8ef06) Importer(815301076,1909f56bfc062723c751e8b465ee728b)  -> (artifact id: '94879f573f386420a2860cb2951367a1') in 0.017919 seconds 
========================================================================
Received Import Request.
  Time since last request: 7.509291 seconds.
  path: Assets/Steampunk&FantasyUIPack/UI_Pack__0018_gear_small.png
  artifactKey: Guid(131f7bd873283df42ba9ec0cf4b8ef06) Importer(815301076,1909f56bfc062723c751e8b465ee728b)
Start importing Assets/Steampunk&FantasyUIPack/UI_Pack__0018_gear_small.png using Guid(131f7bd873283df42ba9ec0cf4b8ef06) Importer(815301076,1909f56bfc062723c751e8b465ee728b)  -> (artifact id: '9ef1ebce0ba24a540e541cea75152ca3') in 0.013191 seconds 
========================================================================
Received Import Request.
  Time since last request: 4.596246 seconds.
  path: Assets/Steampunk&FantasyUIPack/UI_Pack__0018_gear_small.png
  artifactKey: Guid(131f7bd873283df42ba9ec0cf4b8ef06) Importer(815301076,1909f56bfc062723c751e8b465ee728b)
Start importing Assets/Steampunk&FantasyUIPack/UI_Pack__0018_gear_small.png using Guid(131f7bd873283df42ba9ec0cf4b8ef06) Importer(815301076,1909f56bfc062723c751e8b465ee728b)  -> (artifact id: 'df4f1a9b997082d5305cc1cefb8adc54') in 0.012461 seconds 
========================================================================
Received Import Request.
  Time since last request: 635.558787 seconds.
  path: Assets/Steampunk&FantasyUIPack/UI_Pack__0037_fantasy_corner_lower_double.png
  artifactKey: Guid(275f7519eb6244846af11a28b45dd2ff) Importer(815301076,1909f56bfc062723c751e8b465ee728b)
Start importing Assets/Steampunk&FantasyUIPack/UI_Pack__0037_fantasy_corner_lower_double.png using Guid(275f7519eb6244846af11a28b45dd2ff) Importer(815301076,1909f56bfc062723c751e8b465ee728b)  -> (artifact id: 'e21f269b2161513d87ee06aeb5238d98') in 0.017934 seconds 
========================================================================
Received Import Request.
  Time since last request: 47.026515 seconds.
  path: Assets/Steampunk&FantasyUIPack/UI_Pack__0035_fantasy_corner_lower_blank.png
  artifactKey: Guid(f56a7f849d6771f4db1991fe40d13bb0) Importer(815301076,1909f56bfc062723c751e8b465ee728b)
Start importing Assets/Steampunk&FantasyUIPack/UI_Pack__0035_fantasy_corner_lower_blank.png using Guid(f56a7f849d6771f4db1991fe40d13bb0) Importer(815301076,1909f56bfc062723c751e8b465ee728b)  -> (artifact id: '390193f0452eb70b9cddca660edbea7e') in 0.017332 seconds 
========================================================================
Received Prepare
Registering precompiled user dll's ...
Registered in 0.011227 seconds.
Begin MonoManager ReloadAssembly
Symbol file LoadedFromMemory doesn't match image C:\Users\Harvey\Documents\Fighting\Library\PackageCache\com.unity.visualscripting@1.7.8\Editor\VisualScripting.Core\Dependencies\YamlDotNet\Unity.VisualScripting.YamlDotNet.dll
Symbol file LoadedFromMemory doesn't match image C:\Users\Harvey\Documents\Fighting\Library\PackageCache\com.unity.visualscripting@1.7.8\Editor\VisualScripting.Core\Dependencies\DotNetZip\Unity.VisualScripting.IonicZip.dll
Native extension for WindowsStandalone target not found
Refreshing native plugins compatible for Editor in 1.00 ms, found 4 plugins.
Preloading 0 native plugins for Editor in 0.00 ms.
Mono: successfully reloaded assembly
- Completed reload, in  1.378 seconds
Domain Reload Profiling:
	ReloadAssembly (1379ms)
		BeginReloadAssembly (190ms)
			ExecutionOrderSort (0ms)
			DisableScriptedObjects (9ms)
			BackupInstance (0ms)
			ReleaseScriptingObjects (0ms)
			CreateAndSetChildDomain (48ms)
		EndReloadAssembly (1035ms)
			LoadAssemblies (136ms)
			RebuildTransferFunctionScriptingTraits (0ms)
			SetupTypeCache (320ms)
			ReleaseScriptCaches (2ms)
			RebuildScriptCaches (56ms)
			SetupLoadedEditorAssemblies (475ms)
				LogAssemblyErrors (0ms)
				InitializePlatformSupportModulesInManaged (19ms)
				SetLoadedEditorAssemblies (1ms)
				RefreshPlugins (1ms)
				BeforeProcessingInitializeOnLoad (106ms)
				ProcessInitializeOnLoadAttributes (282ms)
				ProcessInitializeOnLoadMethodAttributes (50ms)
				AfterProcessingInitializeOnLoad (16ms)
				EditorAssembliesLoaded (0ms)
			ExecutionOrderSort2 (0ms)
			AwakeInstancesAfterBackupRestoration (13ms)
Platform modules already initialized, skipping
Refreshing native plugins compatible for Editor in 3.92 ms, found 4 plugins.
Preloading 0 native plugins for Editor in 0.00 ms.
Unloading 4101 Unused Serialized files (Serialized files now loaded: 0)
Unloading 31 unused Assets / (195.6 KB). Loaded Objects now: 4585.
Memory consumption went from 157.8 MB to 157.7 MB.
Total: 4.316900 ms (FindLiveObjects: 0.350500 ms CreateObjectMapping: 0.097500 ms MarkObjects: 3.674000 ms  DeleteObjects: 0.193300 ms)

AssetImportParameters requested are different than current active one (requested -> active):
  custom:video-decoder-ogg-theora: a1e56fd34408186e4bbccfd4996cb3dc -> 
  custom:container-muxer-webm: aa71ff27fc2769a1b78a27578f13a17b -> 
  custom:container-demuxer-webm: 4f35f7cbe854078d1ac9338744f61a02 -> 
  custom:video-encoder-webm-vp8: eb34c28f22e8b96e1ab97ce403110664 -> 
  custom:audio-encoder-webm-vorbis: bf7c407c2cedff20999df2af8eb42d56 -> 
  custom:framework-win-MediaFoundation: 216162199b28c13a410421893ffa2e32 -> 
  custom:container-demuxer-ogg: 62fdf1f143b41e24485cea50d1cbac27 -> 
  custom:video-decoder-webm-vp8: 9c59270c3fd7afecdb556c50c9e8de78 -> 
  custom:audio-decoder-ogg-vorbis: bf7c407c2cedff20999df2af8eb42d56 -> 
========================================================================
Received Prepare
Registering precompiled user dll's ...
Registered in 0.012756 seconds.
Begin MonoManager ReloadAssembly
Symbol file LoadedFromMemory doesn't match image C:\Users\Harvey\Documents\Fighting\Library\PackageCache\com.unity.visualscripting@1.7.8\Editor\VisualScripting.Core\Dependencies\YamlDotNet\Unity.VisualScripting.YamlDotNet.dll
Symbol file LoadedFromMemory doesn't match image C:\Users\Harvey\Documents\Fighting\Library\PackageCache\com.unity.visualscripting@1.7.8\Editor\VisualScripting.Core\Dependencies\DotNetZip\Unity.VisualScripting.IonicZip.dll
Native extension for WindowsStandalone target not found
Refreshing native plugins compatible for Editor in 1.32 ms, found 4 plugins.
Preloading 0 native plugins for Editor in 0.00 ms.
Mono: successfully reloaded assembly
- Completed reload, in  1.392 seconds
Domain Reload Profiling:
	ReloadAssembly (1393ms)
		BeginReloadAssembly (176ms)
			ExecutionOrderSort (0ms)
			DisableScriptedObjects (9ms)
			BackupInstance (0ms)
			ReleaseScriptingObjects (0ms)
			CreateAndSetChildDomain (51ms)
		EndReloadAssembly (1080ms)
			LoadAssemblies (124ms)
			RebuildTransferFunctionScriptingTraits (0ms)
			SetupTypeCache (332ms)
			ReleaseScriptCaches (3ms)
			RebuildScriptCaches (60ms)
			SetupLoadedEditorAssemblies (493ms)
				LogAssemblyErrors (0ms)
				InitializePlatformSupportModulesInManaged (19ms)
				SetLoadedEditorAssemblies (1ms)
				RefreshPlugins (1ms)
				BeforeProcessingInitializeOnLoad (120ms)
				ProcessInitializeOnLoadAttributes (284ms)
				ProcessInitializeOnLoadMethodAttributes (52ms)
				AfterProcessingInitializeOnLoad (17ms)
				EditorAssembliesLoaded (0ms)
			ExecutionOrderSort2 (0ms)
			AwakeInstancesAfterBackupRestoration (15ms)
Platform modules already initialized, skipping
Refreshing native plugins compatible for Editor in 3.79 ms, found 4 plugins.
Preloading 0 native plugins for Editor in 0.00 ms.
Unloading 4101 Unused Serialized files (Serialized files now loaded: 0)
Unloading 31 unused Assets / (195.7 KB). Loaded Objects now: 4588.
Memory consumption went from 157.9 MB to 157.7 MB.
Total: 4.635000 ms (FindLiveObjects: 0.410100 ms CreateObjectMapping: 0.097200 ms MarkObjects: 3.904300 ms  DeleteObjects: 0.222000 ms)

AssetImportParameters requested are different than current active one (requested -> active):
  custom:video-decoder-ogg-theora: a1e56fd34408186e4bbccfd4996cb3dc -> 
  custom:container-muxer-webm: aa71ff27fc2769a1b78a27578f13a17b -> 
  custom:container-demuxer-webm: 4f35f7cbe854078d1ac9338744f61a02 -> 
  custom:video-encoder-webm-vp8: eb34c28f22e8b96e1ab97ce403110664 -> 
  custom:audio-encoder-webm-vorbis: bf7c407c2cedff20999df2af8eb42d56 -> 
  custom:framework-win-MediaFoundation: 216162199b28c13a410421893ffa2e32 -> 
  custom:container-demuxer-ogg: 62fdf1f143b41e24485cea50d1cbac27 -> 
  custom:video-decoder-webm-vp8: 9c59270c3fd7afecdb556c50c9e8de78 -> 
  custom:audio-decoder-ogg-vorbis: bf7c407c2cedff20999df2af8eb42d56 -> 
========================================================================
Received Prepare
Registering precompiled user dll's ...
Registered in 0.011278 seconds.
Begin MonoManager ReloadAssembly
Symbol file LoadedFromMemory doesn't match image C:\Users\Harvey\Documents\Fighting\Library\PackageCache\com.unity.visualscripting@1.7.8\Editor\VisualScripting.Core\Dependencies\YamlDotNet\Unity.VisualScripting.YamlDotNet.dll
Symbol file LoadedFromMemory doesn't match image C:\Users\Harvey\Documents\Fighting\Library\PackageCache\com.unity.visualscripting@1.7.8\Editor\VisualScripting.Core\Dependencies\DotNetZip\Unity.VisualScripting.IonicZip.dll
Native extension for WindowsStandalone target not found
Refreshing native plugins compatible for Editor in 1.15 ms, found 4 plugins.
Preloading 0 native plugins for Editor in 0.00 ms.
Mono: successfully reloaded assembly
- Completed reload, in  1.386 seconds
Domain Reload Profiling:
	ReloadAssembly (1387ms)
		BeginReloadAssembly (198ms)
			ExecutionOrderSort (0ms)
			DisableScriptedObjects (10ms)
			BackupInstance (0ms)
			ReleaseScriptingObjects (0ms)
			CreateAndSetChildDomain (51ms)
		EndReloadAssembly (1048ms)
			LoadAssemblies (141ms)
			RebuildTransferFunctionScriptingTraits (0ms)
			SetupTypeCache (323ms)
			ReleaseScriptCaches (2ms)
			RebuildScriptCaches (57ms)
			SetupLoadedEditorAssemblies (489ms)
				LogAssemblyErrors (0ms)
				InitializePlatformSupportModulesInManaged (19ms)
				SetLoadedEditorAssemblies (1ms)
				RefreshPlugins (1ms)
				BeforeProcessingInitializeOnLoad (116ms)
				ProcessInitializeOnLoadAttributes (280ms)
				ProcessInitializeOnLoadMethodAttributes (58ms)
				AfterProcessingInitializeOnLoad (15ms)
				EditorAssembliesLoaded (0ms)
			ExecutionOrderSort2 (0ms)
			AwakeInstancesAfterBackupRestoration (12ms)
Platform modules already initialized, skipping
Refreshing native plugins compatible for Editor in 4.89 ms, found 4 plugins.
Preloading 0 native plugins for Editor in 0.00 ms.
Unloading 4101 Unused Serialized files (Serialized files now loaded: 0)
Unloading 31 unused Assets / (195.7 KB). Loaded Objects now: 4591.
Memory consumption went from 157.9 MB to 157.7 MB.
Total: 4.944400 ms (FindLiveObjects: 0.419300 ms CreateObjectMapping: 0.124200 ms MarkObjects: 4.164200 ms  DeleteObjects: 0.235300 ms)

AssetImportParameters requested are different than current active one (requested -> active):
  custom:video-decoder-ogg-theora: a1e56fd34408186e4bbccfd4996cb3dc -> 
  custom:container-muxer-webm: aa71ff27fc2769a1b78a27578f13a17b -> 
  custom:container-demuxer-webm: 4f35f7cbe854078d1ac9338744f61a02 -> 
  custom:video-encoder-webm-vp8: eb34c28f22e8b96e1ab97ce403110664 -> 
  custom:audio-encoder-webm-vorbis: bf7c407c2cedff20999df2af8eb42d56 -> 
  custom:framework-win-MediaFoundation: 216162199b28c13a410421893ffa2e32 -> 
  custom:container-demuxer-ogg: 62fdf1f143b41e24485cea50d1cbac27 -> 
  custom:video-decoder-webm-vp8: 9c59270c3fd7afecdb556c50c9e8de78 -> 
  custom:audio-decoder-ogg-vorbis: bf7c407c2cedff20999df2af8eb42d56 -> 
